0 info it worked if it ends with ok
1 verbose cli [ 'C:\\devel\\nodejs\\\\node.exe',
1 verbose cli   'C:\\devel\\nodejs\\node_modules\\npm\\bin\\npm-cli.js',
1 verbose cli   'update',
1 verbose cli   'startup-istanbul-tweet-fetcher' ]
2 info using npm@1.4.23
3 info using node@v0.10.31
4 verbose node symlink C:\devel\nodejs\\node.exe
5 verbose request where is /startup-istanbul-tweet-fetcher
6 verbose request registry http://registry.npmjs.org/
7 verbose request id c541f43ea6769a9b
8 verbose url raw /startup-istanbul-tweet-fetcher
9 verbose url resolving [ 'http://registry.npmjs.org/',
9 verbose url resolving   './startup-istanbul-tweet-fetcher' ]
10 verbose url resolved http://registry.npmjs.org/startup-istanbul-tweet-fetcher
11 verbose request where is http://registry.npmjs.org/startup-istanbul-tweet-fetcher
12 info trying registry request attempt 1 at 17:24:57
13 verbose etag "AUYKEA7HTFO7UIXAW5RFTQMK0"
14 http GET http://registry.npmjs.org/startup-istanbul-tweet-fetcher
15 http 304 http://registry.npmjs.org/startup-istanbul-tweet-fetcher
16 silly registry.get cb [ 304,
16 silly registry.get   { date: 'Sun, 07 Dec 2014 15:25:01 GMT',
16 silly registry.get     via: '1.1 varnish',
16 silly registry.get     'last-modified': 'Sun, 07 Dec 2014 15:25:01 GMT',
16 silly registry.get     'cache-control': 'max-age=60',
16 silly registry.get     etag: '"AUYKEA7HTFO7UIXAW5RFTQMK0"',
16 silly registry.get     age: '0',
16 silly registry.get     'x-served-by': 'cache-fra1247-FRA',
16 silly registry.get     'x-cache': 'MISS',
16 silly registry.get     'x-cache-hits': '0',
16 silly registry.get     'x-timer': 'S1417965901.545287,VS0,VE198',
16 silly registry.get     vary: 'Accept',
16 silly registry.get     connection: 'keep-alive' } ]
17 verbose etag http://registry.npmjs.org/startup-istanbul-tweet-fetcher from cache
18 info outdated updating [ [ 'C:\\devel\\projects\\global-hackathon\\startup-istanbul-hackathon',
18 info outdated     'startup-istanbul-tweet-fetcher',
18 info outdated     undefined,
18 info outdated     '1.0.18',
18 info outdated     '1.0.18',
18 info outdated     '^1.0.11' ] ]
19 verbose install where,what [ 'C:\\devel\\projects\\global-hackathon\\startup-istanbul-hackathon',
19 verbose install   [ 'startup-istanbul-tweet-fetcher@1.0.18' ] ]
20 verbose readDependencies using package.json deps
21 verbose cache add [ 'startup-istanbul-tweet-fetcher@1.0.18', null ]
22 verbose cache add name=undefined spec="startup-istanbul-tweet-fetcher@1.0.18" args=["startup-istanbul-tweet-fetcher@1.0.18",null]
23 verbose parsed url { protocol: null,
23 verbose parsed url   slashes: null,
23 verbose parsed url   auth: null,
23 verbose parsed url   host: null,
23 verbose parsed url   port: null,
23 verbose parsed url   hostname: null,
23 verbose parsed url   hash: null,
23 verbose parsed url   search: null,
23 verbose parsed url   query: null,
23 verbose parsed url   pathname: 'startup-istanbul-tweet-fetcher@1.0.18',
23 verbose parsed url   path: 'startup-istanbul-tweet-fetcher@1.0.18',
23 verbose parsed url   href: 'startup-istanbul-tweet-fetcher@1.0.18' }
24 verbose cache add name="startup-istanbul-tweet-fetcher" spec="1.0.18" args=["startup-istanbul-tweet-fetcher","1.0.18"]
25 verbose parsed url { protocol: null,
25 verbose parsed url   slashes: null,
25 verbose parsed url   auth: null,
25 verbose parsed url   host: null,
25 verbose parsed url   port: null,
25 verbose parsed url   hostname: null,
25 verbose parsed url   hash: null,
25 verbose parsed url   search: null,
25 verbose parsed url   query: null,
25 verbose parsed url   pathname: '1.0.18',
25 verbose parsed url   path: '1.0.18',
25 verbose parsed url   href: '1.0.18' }
26 verbose addNamed [ 'startup-istanbul-tweet-fetcher', '1.0.18' ]
27 verbose addNamed [ '1.0.18', '1.0.18' ]
28 silly lockFile 8da17b25-up-istanbul-tweet-fetcher-1-0-18 startup-istanbul-tweet-fetcher@1.0.18
29 verbose lock startup-istanbul-tweet-fetcher@1.0.18 C:\Users\Darp\AppData\Roaming\npm-cache\8da17b25-up-istanbul-tweet-fetcher-1-0-18.lock
30 verbose registry.get http://registry.npmjs.org/startup-istanbul-tweet-fetcher not expired, no request
31 silly lockFile 8da17b25-up-istanbul-tweet-fetcher-1-0-18 startup-istanbul-tweet-fetcher@1.0.18
32 silly lockFile 8da17b25-up-istanbul-tweet-fetcher-1-0-18 startup-istanbul-tweet-fetcher@1.0.18
33 silly resolved [ { name: 'startup-istanbul-tweet-fetcher',
33 silly resolved     version: '1.0.18',
33 silly resolved     main: './index.js',
33 silly resolved     scripts:
33 silly resolved      { test: 'echo "Error: no test specified" && exit 1',
33 silly resolved        start: 'node ./index.js' },
33 silly resolved     private: false,
33 silly resolved     author: { name: 'breadam' },
33 silly resolved     license: 'ISC',
33 silly resolved     dependencies: { mongoose: '^3.8.20', twit: '^1.1.18' },
33 silly resolved     gitHead: '5bfa9fc4c0a684afd4f7cea95eadc6bfdf8f2f4b',
33 silly resolved     readme: 'ERROR: No README data found!',
33 silly resolved     _id: 'startup-istanbul-tweet-fetcher@1.0.18',
33 silly resolved     _shasum: '9f1ebe6e03cebd88cb4214f82751a97bdd867e12',
33 silly resolved     _from: 'startup-istanbul-tweet-fetcher@1.0.18' } ]
34 info install startup-istanbul-tweet-fetcher@1.0.18 into C:\devel\projects\global-hackathon\startup-istanbul-hackathon
35 info installOne startup-istanbul-tweet-fetcher@1.0.18
36 verbose node_modules\startup-istanbul-tweet-fetcher unbuild
37 verbose node_modules\startup-istanbul-tweet-fetcher unbuild
38 error error rolling back Error: EPERM, unlink 'C:\devel\projects\global-hackathon\startup-istanbul-hackathon\node_modules\startup-istanbul-tweet-fetcher\node_modules\mongoose\node_modules\mongodb\node_modules\bson\ext\win32\x64\bson.node'
38 error error rolling back  startup-istanbul-tweet-fetcher@1.0.18 { [Error: EPERM, unlink 'C:\devel\projects\global-hackathon\startup-istanbul-hackathon\node_modules\startup-istanbul-tweet-fetcher\node_modules\mongoose\node_modules\mongodb\node_modules\bson\ext\win32\x64\bson.node']
38 error error rolling back   errno: 50,
38 error error rolling back   code: 'EPERM',
38 error error rolling back   path: 'C:\\devel\\projects\\global-hackathon\\startup-istanbul-hackathon\\node_modules\\startup-istanbul-tweet-fetcher\\node_modules\\mongoose\\node_modules\\mongodb\\node_modules\\bson\\ext\\win32\\x64\\bson.node' }
39 error Error: EPERM, unlink 'C:\devel\projects\global-hackathon\startup-istanbul-hackathon\node_modules\startup-istanbul-tweet-fetcher\node_modules\mongoose\node_modules\mongodb\node_modules\bson\ext\win32\x64\bson.node'
39 error  { [Error: EPERM, unlink 'C:\devel\projects\global-hackathon\startup-istanbul-hackathon\node_modules\startup-istanbul-tweet-fetcher\node_modules\mongoose\node_modules\mongodb\node_modules\bson\ext\win32\x64\bson.node']
39 error   errno: 50,
39 error   code: 'EPERM',
39 error   path: 'C:\\devel\\projects\\global-hackathon\\startup-istanbul-hackathon\\node_modules\\startup-istanbul-tweet-fetcher\\node_modules\\mongoose\\node_modules\\mongodb\\node_modules\\bson\\ext\\win32\\x64\\bson.node' }
40 error Please try running this command again as root/Administrator.
41 error System Windows_NT 6.1.7600
42 error command "C:\\devel\\nodejs\\\\node.exe" "C:\\devel\\nodejs\\node_modules\\npm\\bin\\npm-cli.js" "update" "startup-istanbul-tweet-fetcher"
43 error cwd C:\devel\projects\global-hackathon\startup-istanbul-hackathon
44 error node -v v0.10.31
45 error npm -v 1.4.23
46 error path C:\devel\projects\global-hackathon\startup-istanbul-hackathon\node_modules\startup-istanbul-tweet-fetcher\node_modules\mongoose\node_modules\mongodb\node_modules\bson\ext\win32\x64\bson.node
47 error code EPERM
48 error errno 50
49 error stack Error: EPERM, unlink 'C:\devel\projects\global-hackathon\startup-istanbul-hackathon\node_modules\startup-istanbul-tweet-fetcher\node_modules\mongoose\node_modules\mongodb\node_modules\bson\ext\win32\x64\bson.node'
50 verbose exit [ 50, true ]
